<?xml version="1.0" encoding="UTF-8"?>
<!-- Generated by org.testng.reporters.JUnitReportReporter -->
<testsuite skipped="0" hostname="DESKTOP-RTA17HH" name="testCases.LoginPageTest" tests="2" failures="0" timestamp="17 Dec 2020 12:40:46 GMT" time="37.115" errors="0">
  <testcase name="loginTest" time="19.811" classname="testCases.LoginPageTest"/>
  <testcase name="loginpageTitleTest" time="17.304" classname="testCases.LoginPageTest"/>
</testsuite> <!-- testCases.LoginPageTest -->
